2026-07-04T13:27:45.998775 [INFO    ] Log file created at: /mnt/work/PROJECTS/openhuman/apps/api/cognee_data/logs/2026-07-04_13-27-45.log log_file=/mnt/work/PROJECTS/openhuman/apps/api/cognee_data/logs/2026-07-04_13-27-45.log [cognee.shared.logging_utils]
2026-07-04T13:27:45.998884 [WARNING ] Cognee 1.0 changes: New API — remember/recall/forget/improve (V1 add/cognify/search still work). Session memory enabled by default (CACHING=false to disable). Multi-user access control on by default (ENABLE_BACKEND_ACCESS_CONTROL=false to disable). Agents (@cognee.agent) auto-verified on registration. See https://docs.cognee.ai/ [cognee.shared.logging_utils]
2026-07-04T13:27:45.999028 [INFO    ] Logging initialized python_version=3.12.13 structlog_version=25.5.0 cognee_version=1.2.2 os_info=Linux 7.0.14-zen1-1-zen (#1 ZEN SMP PREEMPT_DYNAMIC Sat, 27 Jun 2026 16:14:55 +0000) database_path=/mnt/work/PROJECTS/openhuman/apps/api/cognee_data/system/databases [cognee.shared.logging_utils]
2026-07-04T13:27:45.999111 [INFO    ] Database storage: /mnt/work/PROJECTS/openhuman/apps/api/cognee_data/system/databases [cognee.shared.logging_utils]
2026-07-04T13:27:46.212380 [INFO    ] auth posture: authentication=required, multi_tenant=enabled (default (no env vars set)) [get_authenticated_user]
Fresh database: creating schema and stamping at head.
setup plugin alembic.autogenerate.schemas
setup plugin alembic.autogenerate.tables
setup plugin alembic.autogenerate.types
setup plugin alembic.autogenerate.constraints
setup plugin alembic.autogenerate.defaults
setup plugin alembic.autogenerate.comments
Using database: sqlite+aiosqlite:////mnt/work/PROJECTS/openhuman/apps/api/cognee_data/system/databases/cognee_db
Context impl SQLiteImpl.
Will assume non-transactional DDL.
Running stamp_revision  -> aa753a730673
Stamped fresh relational schema at head.
Initializing Postgres checkpointer (db=postgresql://openhuman:****@localhost:5433/openhuman...)
Postgres checkpointer ready.
AgentJobWorker started — 4 workers, poll interval 1.0s
Bot Gateway Manager started.
